[debug] [2022-03-29T18:18:02.920Z] ----------------------------------------------------------------------
[debug] [2022-03-29T18:18:02.921Z] Command:       /usr/local/bin/node /usr/local/bin/firebase init
[debug] [2022-03-29T18:18:02.922Z] CLI Version:   10.4.0
[debug] [2022-03-29T18:18:02.922Z] Platform:      darwin
[debug] [2022-03-29T18:18:02.922Z] Node Version:  v14.17.6
[debug] [2022-03-29T18:18:02.923Z] Time:          Tue Mar 29 2022 12:18:02 GMT-0600 (Central Standard Time)
[debug] [2022-03-29T18:18:02.923Z] ----------------------------------------------------------------------
[debug] 
[debug] [2022-03-29T18:18:02.927Z] >>> [apiv2][query] GET https://firebase-public.firebaseio.com/cli.json [none]
[debug] [2022-03-29T18:18:03.002Z] > command requires scopes: ["email","openid","https://www.googleapis.com/auth/cloudplatformprojects.readonly","https://www.googleapis.com/auth/firebase","https://www.googleapis.com/auth/cloud-platform"]
[debug] [2022-03-29T18:18:03.002Z] > authorizing via signed-in user (marcela.melgar@watson.is)
[info] 
     ######## #### ########  ######## ########     ###     ######  ########
     ##        ##  ##     ## ##       ##     ##  ##   ##  ##       ##
     ######    ##  ########  ######   ########  #########  ######  ######
     ##        ##  ##    ##  ##       ##     ## ##     ##       ## ##
     ##       #### ##     ## ######## ########  ##     ##  ######  ########

You're about to initialize a Firebase project in this directory:

  /Users/marcelamelgar

Before we get started, keep in mind:

  * You are initializing within an existing Firebase project directory

[debug] [2022-03-29T18:18:03.274Z] <<< [apiv2][status] GET https://firebase-public.firebaseio.com/cli.json 200
[debug] [2022-03-29T18:18:03.274Z] <<< [apiv2][body] GET https://firebase-public.firebaseio.com/cli.json {"cloudBuildErrorAfter":1594252800000,"cloudBuildWarnAfter":1590019200000,"defaultNode10After":1594252800000,"minVersion":"3.0.5","node8DeploysDisabledAfter":1613390400000,"node8RuntimeDisabledAfter":1615809600000,"node8WarnAfter":1600128000000}
